<?xml version="1.0" encoding="UTF-8"?>
<!-- Generated by org.testng.reporters.JUnitReportReporter -->
<testsuite skipped="0" hostname="dlukiosk99385" name="executionEngine.TestNgClass" tests="1" failures="0" timestamp="24 Mar 2017 10:32:30 GMT" time="30.581" errors="0">
  <testcase name="LoginTest" time="30.581" classname="executionEngine.TestNgClass"/>
</testsuite> <!-- executionEngine.TestNgClass -->
